
> erp-hrm@0.1.0 build
> next build

  ▲ Next.js 14.2.35
  - Environments: .env

   Creating an optimized production build ...
 ✓ Compiled successfully
   Skipping validation of types
   Skipping linting
   Collecting page data ...
   Generating static pages (0/6) ...
   Generating static pages (1/6) 
   Generating static pages (2/6) 
   Generating static pages (4/6) 
 ✓ Generating static pages (6/6)
   Finalizing page optimization ...
   Collecting build traces ...

Route (app)                               Size     First Load JS
┌ ○ /api/docs                             0 B                0 B
├ ○ /api/docs/ui                          0 B                0 B
├ ○ /api/health                           0 B                0 B
└ ○ /api/metrics                          0 B                0 B
+ First Load JS shared by all             0 B

Route (pages)                             Size     First Load JS
─ ○ /404                                  184 B          80.8 kB
+ First Load JS shared by all             80.6 kB
  ├ chunks/712-88e3fca7c9623a16.js        34 kB
  ├ chunks/framework-3dceb7350aaf8a44.js  44.8 kB
  └ other shared chunks (total)           1.77 kB

○  (Static)  prerendered as static content

